<?xml version="1.0" encoding="UTF-8"?>
<!-- Generated by org.testng.reporters.JUnitReportReporter -->
<testsuite skipped="0" hostname="INCNODC3146" name="Test.Array.FindMissingNumber" tests="1" failures="0" timestamp="2019-11-28T12:20:06 IST" time="0.009" errors="0">
  <testcase name="findingMissingNumber" time="0.009" classname="Test.Array.FindMissingNumber"/>
</testsuite> <!-- Test.Array.FindMissingNumber -->
