<?xml version="1.0" encoding="UTF-8"?>
<!-- Generated by org.testng.reporters.JUnitReportReporter -->
<testsuite skipped="0" hostname="INCNODC3146" name="Test.Array.SecondLargestNumber" tests="1" failures="0" timestamp="2019-11-28T15:57:28 IST" time="0.007" errors="0">
  <testcase name="secondLargestNumber" time="0.007" classname="Test.Array.SecondLargestNumber"/>
</testsuite> <!-- Test.Array.SecondLargestNumber -->
