<?xml version="1.0" encoding="UTF-8"?>
<!-- Generated by org.testng.reporters.JUnitReportReporter -->
<testsuite skipped="0" hostname="INCNODC3146" name="Test.Array.LargestAndSmallest" tests="1" failures="0" timestamp="2019-11-28T11:51:37 IST" time="0.007" errors="0">
  <testcase name="Array_LargestAndSmallest" time="0.007" classname="Test.Array.LargestAndSmallest"/>
</testsuite> <!-- Test.Array.LargestAndSmallest -->
